**********************************Test parameters ***************************************************                   
line_rate_for_the_media_in_gbps           =  60                                                                         
max_allowable_througput_in_gbps           =  60                                                                         
list_of_frame_size_in_bytes               =  None                                                                       
initial_minimum_throughput_limit_in_gbps  =  0.5                                                                        
tolerance                                 =  3.0%                                                                       
resolution                                =  0.5                                                                        
direction_of_stream                       =  Bidirectional                                                              
number_of_streams                         =  1                                                                          
number_of_trials                          =  1                                                                          
test_duration_in_seconds                  =  100                                                                        
interval_between_test_run_in_seconds      =  5                                                                          
Ethernet_header_size_in_bytes             =  18                                                                         
IP_header_size_in_bytes                   =  20                                                                         
UDP_header_size_in_bytes                  =  8                                                                          
Initiator_mgmt_ip                         =  10.39.69.98                                                                
responder_mgmt_ip                         =  10.39.69.99                                                                
client_start_ip                           =  10.0.0.10                                                                  
client_gateway                            =  10.0.0.1                                                                   
Server_start_ip                           =  10.0.0.100                                                                 
server_gateway                            =  10.0.0.1                                                                   
Max_pending_simulated_user_in_percentage  =  10%                                                                        
Max_simulated_users_per_second            =  2                                                                          
packet_loss_tolerance                     =  1.0 %                                                                      
Max_Binary_search_count                   =  16                                                                         
****************************************************************************************************                    

 Trail # 1 
                                                                                                           
                                                                                                                        
Frame size # 1280 
                                                                                                     
                                                                                                                        
Validating the configured minimum throughput first                                                                      
********************************** Result **************************************************                            
The throughput of 0.5 gbps was acheived considering the throughput fluctuation tolerance level of 3.0%
                 
********************************************************************************************                            
Binary search initiated                                                                                                 
** BS = 1 ********                                                                                                      
The minimum throughput value = 0.5 gbps                                                                                 
The maximum throughput value = 60 gbps                                                                                  
The target  throughput value = 30.25 gbps                                                                               
*******************************************************************************************                             
******************************************* Analysis **************************************                             
The TX throughput of 30.25 gbps could not be generated considering the tolerance level of 3.0%                          
The reason for not able to attain the desired TX throughput required for test may be the following                      
[1].More compute may be required for agents to acheive the Tx throughput. Check by assigning additional  CPU cores to the agents
[2].You may want to increase the number of streams in the parameters.yaml                                               
***** TX throughput fluctions at client  from configured value *************************
                               
{1741535079000: '21.37973728264463%',
 1741535082000: '21.452539133884297%',
 1741535085000: '22.20166931570248%',
 1741535088000: '22.971688357024796%',
 1741535091000: '22.050834168595042%',
 1741535094000: '22.05124823801653%',
 1741535097000: '21.351904978512394%',
 1741535100000: '21.726342241322314%',
 1741535103000: '21.47402586446281%',
 1741535106000: '21.770869157024794%',
 1741535109000: '22.28235197355372%',
 1741535112000: '22.103459014876034%',
 1741535115000: '22.368512952066116%',
 1741535118000: '22.041393163636364%',
 1741535121000: '21.5680432661157%',
 1741535124000: '22.336201838016528%',
 1741535127000: '21.233031299173554%',
 1741535130000: '22.877565408264463%',
 1741535133000: '22.945987543801653%',
 1741535136000: '22.23205514049587%',
 1741535139000: '21.869902519008264%',
 1741535142000: '21.38352238016529%',
 1741535145000: '21.32248986446281%',
 1741535148000: '21.965723900826447%',
 1741535151000: '21.54066623471074%',
 1741535154000: '21.592690062809915%',
 1741535157000: '21.424284958677685%',
 1741535160000: '21.820928317355374%'}

***** TX throughput fluctions at server  from configured value  *************************
                             
{1741535079000: '24.273442036363637%',
 1741535082000: '21.701423603305788%',
 1741535085000: '21.818899596694216%',
 1741535088000: '21.793609970247935%',
 1741535091000: '22.177892998347108%',
 1741535094000: '22.33550373553719%',
 1741535097000: '26.30728565950413%',
 1741535100000: '21.818430730578513%',
 1741535103000: '22.511934122314052%',
 1741535106000: '21.77757971570248%',
 1741535109000: '22.549740376859503%',
 1741535112000: '21.879088158677686%',
 1741535115000: '21.902555874380162%',
 1741535118000: '21.60638355041322%',
 1741535121000: '21.690167352066116%',
 1741535124000: '22.02329068429752%',
 1741535127000: '21.555315887603303%',
 1741535130000: '21.665798188429754%',
 1741535133000: '22.40017076363636%',
 1741535136000: '22.877538247933884%',
 1741535139000: '22.1438330446281%',
 1741535142000: '22.955977996694216%',
 1741535145000: '22.746182876033057%',
 1741535148000: '22.862305454545453%',
 1741535151000: '22.818980919008265%',
 1741535154000: '22.486436125619836%',
 1741535157000: '22.664277685950413%',
 1741535160000: '22.85936454876033%'}
***********************************Test is aborted *********************************** 
                                
