
 Trail # 1 
                                                                                                           
                                                                                                                        
Frame size # 1518 
                                                                                                     
                                                                                                                        
Validating the configured minimum throughput first                                                                      
********************************** Result **************************************************                            
The throughput of 0.5 gbps was acheived considering the throughput fluctuation tolerance level of 3.0%
                 
********************************************************************************************                            
Binary search initiated                                                                                                 
** BS = 1 ********                                                                                                      
The minimum throughput value = 0.5 gbps                                                                                 
The maximum throughput value = 60 gbps                                                                                  
The target  throughput value = 30.25 gbps                                                                               
*******************************************************************************************                             
******************************************* Analysis **************************************                             
The TX throughput of 30.25 gbps could not be generated considering the tolerance level of 3.0%                          
The reason for not able to attain the desired TX throughput required for test may be the following                      
[1].More compute may be required for agents to acheive the Tx throughput. Check by assigning additional  CPU cores to the agents
[2].You may want to increase the number of streams in the parameters.yaml                                               
***** TX throughput fluctions at client  from configured value *************************
                               
{1741531518000: '16.288980125619833%',
 1741531521000: '16.561419133884296%',
 1741531524000: '16.245511960330578%',
 1741531527000: '15.962320740495867%',
 1741531530000: '16.50672616198347%',
 1741531533000: '16.67819752727273%',
 1741531536000: '16.732697388429752%',
 1741531539000: '16.544310585123966%',
 1741531542000: '19.314711695867768%',
 1741531545000: '16.97491361322314%',
 1741531548000: '16.60933254876033%',
 1741531551000: '16.594068839669422%',
 1741531554000: '17.157747570247935%',
 1741531557000: '16.431569560330576%',
 1741531560000: '16.809900905785124%',
 1741531563000: '16.78246370909091%',
 1741531566000: '16.63578403966942%',
 1741531569000: '20.853709725619833%',
 1741531572000: '17.013518836363637%',
 1741531575000: '20.605535603305785%',
 1741531578000: '19.083497599999998%',
 1741531581000: '17.69675096859504%',
 1741531584000: '17.225960938842974%',
 1741531587000: '17.03428556694215%',
 1741531590000: '18.002383814876033%',
 1741531593000: '17.113172337190083%',
 1741531596000: '17.1961099107438%',
 1741531599000: '16.7153285553719%'}

***** TX throughput fluctions at server  from configured value  *************************
                             
{1741531518000: '17.335048885950414%',
 1741531521000: '17.432083623140496%',
 1741531524000: '17.296012641322314%',
 1741531527000: '17.55557421487603%',
 1741531530000: '17.513694995041323%',
 1741531533000: '17.157747570247935%',
 1741531536000: '16.999940760330578%',
 1741531539000: '17.962279114049586%',
 1741531542000: '17.06410612892562%',
 1741531545000: '19.18978401322314%',
 1741531548000: '16.877602274380166%',
 1741531551000: '19.784954076033056%',
 1741531554000: '17.010673745454547%',
 1741531557000: '17.247254585123965%',
 1741531560000: '17.357547160330576%',
 1741531563000: '17.29307207933884%',
 1741531566000: '16.775332680991735%',
 1741531569000: '16.59845889586777%',
 1741531572000: '17.243990823140496%',
 1741531575000: '16.652714578512395%',
 1741531578000: '16.339940390082646%',
 1741531581000: '16.706889494214877%',
 1741531584000: '17.143878029752067%',
 1741531587000: '17.129255933884295%',
 1741531590000: '17.059495880991733%',
 1741531593000: '17.12747438016529%',
 1741531596000: '17.134084654545454%',
 1741531599000: '16.9388246214876%'}
***********************************Test is aborted *********************************** 
                                
