**********************************Test parameters ***************************************************                   
line rate for the media (in gbps)         =  10                                                                         
max allowable througput (in gbps)         =  9                                                                          
list of frame size (in bytes)             =  None                                                                       
initial minimum throughput limit (in_gbps)=  0.5                                                                        
Throughput fluctuation tolerance          =  3.0%                                                                       
resolution in Gbps                        =  0.5                                                                        
direction of stream                       =  ServerToClient                                                             
number of streams                         =  2                                                                          
number of trials                          =  1                                                                          
test duration in seconds                  =  100                                                                        
interval between test run in seconds      =  5                                                                          
Ethernet header size in bytes             =  18                                                                         
IP_header size in bytes                   =  20                                                                         
UDP header size in bytes                  =  8                                                                          
Initiator mgmt ip address                 =  10.39.69.98                                                                
responder mgmt ip address                 =  10.39.69.99                                                                
client start ip  address                  =  10.0.0.10                                                                  
client gateway   address                  =  10.0.0.1                                                                   
Server start ip  address                  =  10.0.0.100                                                                 
server gateway address                    =  10.0.0.1                                                                   
Max pending simulated user in percentage  =  10%                                                                        
Max simulated users per second            =  2                                                                          
packet loss tolerance                     =  1.0 %                                                                      
Max Binary search count                   =  16                                                                         
****************************************************************************************************                    

 Trail # 1 
                                                                                                           
                                                                                                                        
Frame size # 1280 
                                                                                                     
                                                                                                                        
Validating the configured minimum throughput first                                                                      
********************************** Result **********************************************************                    
The throughput of 0.5 gbps was acheived considering the throughput fluctuation tolerance level of 3.0%
                 
****************************************************************************************************                    
Binary search initiated                                                                                                 
** BS = 1 ********                                                                                                      
The minimum throughput value = 0.5 gbps                                                                                 
The maximum throughput value = 9 gbps                                                                                   
The target  throughput value = 4.75 gbps                                                                                
*******************************************************************************************                             

Server to Client packet loss beyond tolerance limits. Loss %  = 43.1377510366963%                                      
As Packet Loss is detected ,  throughput validation will not be performed.                                              

Binary search initiated                                                                                                
*** Binary Search count  = 2                                                                                            
maximum allowable throughput =  4.75 gbps                                                                               
minimum throughput limit     =  0.5 gbps                                                                                
The target throughput value = 2.625 gbps                                                                                
*******************************************************************************************                             
********************************** Result **********************************************************                    
The throughput of 2.625 gbps was acheived considering the throughput fluctuation tolerance level of 3.0%
               
****************************************************************************************************                    
Binary search initiated                                                                                                 
** BS = 3                                                                                                               
The minimum throughput value = 2.625 gbps                                                                               
The maximum throughput value = 4.75 gbps                                                                                
The target  throughput value = 3.6875 gbps                                                                              
*******************************************************************************************                             
********************************** Result **********************************************************                    
The throughput of 3.6875 gbps was acheived considering the throughput fluctuation tolerance level of 3.0%
              
****************************************************************************************************                    
Binary search initiated                                                                                                 
** BS = 4                                                                                                               
The minimum throughput value = 3.6875 gbps                                                                              
The maximum throughput value = 4.75 gbps                                                                                
The target  throughput value = 4.21875 gbps                                                                             
*******************************************************************************************                             

Server to Client packet loss beyond tolerance limits. Loss %  = 20.802670116192896%                                    
As Packet Loss is detected ,  throughput validation will not be performed.                                              
The target throughput of 4.21875 gbps could not be acheived                                                             

Binary search initiated                                                                                                
*** Binary Search count  = 5                                                                                            
maximum allowable throughput =  4.21875 gbps                                                                            
minimum throughput limit     =  3.6875 gbps                                                                             
The target throughput value = 3.953125 gbps                                                                             
*******************************************************************************************                             

Server to Client packet loss beyond tolerance limits. Loss %  = 8.100537709413082%                                     
As Packet Loss is detected ,  throughput validation will not be performed.                                              
The target throughput of 3.953125 gbps could not be acheived                                                            

Binary search initiated                                                                                                
*** Binary Search count  = 6                                                                                            
maximum allowable throughput =  3.953125 gbps                                                                           
minimum throughput limit     =  3.6875 gbps                                                                             
The target throughput value = 3.8203125 gbps                                                                            
*******************************************************************************************                             

Server to Client packet loss beyond tolerance limits. Loss %  = 12.239984244567449%                                    
As Packet Loss is detected ,  throughput validation will not be performed.                                              
The target throughput of 3.8203125 gbps could not be acheived                                                           

Binary search initiated                                                                                                
*** Binary Search count  = 7                                                                                            
maximum allowable throughput =  3.8203125 gbps                                                                          
minimum throughput limit     =  3.6875 gbps                                                                             
The target throughput value = 3.75390625 gbps                                                                           
*******************************************************************************************                             

Server to Client packet loss beyond tolerance limits. Loss %  = 7.461129543532468%                                     
As Packet Loss is detected ,  throughput validation will not be performed.                                              
The target throughput of 3.75390625 gbps could not be acheived                                                          

Binary search initiated                                                                                                
*** Binary Search count  = 8                                                                                            
maximum allowable throughput =  3.75390625 gbps                                                                         
minimum throughput limit     =  3.6875 gbps                                                                             
The target throughput value = 3.720703125 gbps                                                                          
*******************************************************************************************                             

Server to Client packet loss beyond tolerance limits. Loss %  = 6.950933246871108%                                     
As Packet Loss is detected ,  throughput validation will not be performed.                                              
The target throughput of 3.720703125 gbps could not be acheived                                                         

Binary search initiated                                                                                                
*** Binary Search count  = 9                                                                                            
maximum allowable throughput =  3.720703125 gbps                                                                        
minimum throughput limit     =  3.6875 gbps                                                                             
The target throughput value = 3.7041015625 gbps                                                                         
*******************************************************************************************                             

Server to Client packet loss beyond tolerance limits. Loss %  = 2.306209339656856%                                     
As Packet Loss is detected ,  throughput validation will not be performed.                                              
The target throughput of 3.7041015625 gbps could not be acheived                                                        

Binary search initiated                                                                                                
*** Binary Search count  = 10                                                                                           
maximum allowable throughput =  3.7041015625 gbps                                                                       
minimum throughput limit     =  3.6875 gbps                                                                             
The target throughput value = 3.69580078125 gbps                                                                        
*******************************************************************************************                             

Server to Client packet loss beyond tolerance limits. Loss %  = 1.7093090917233857%                                    
As Packet Loss is detected ,  throughput validation will not be performed.                                              
The target throughput of 3.69580078125 gbps could not be acheived                                                       

Binary search initiated                                                                                                
*** Binary Search count  = 11                                                                                           
maximum allowable throughput =  3.69580078125 gbps                                                                      
minimum throughput limit     =  3.6875 gbps                                                                             
The target throughput value = 3.691650390625 gbps                                                                       
*******************************************************************************************                             

Server to Client packet loss beyond tolerance limits. Loss %  = 7.7593234615921585%                                    
As Packet Loss is detected ,  throughput validation will not be performed.                                              
The target throughput of 3.691650390625 gbps could not be acheived                                                      

Binary search initiated                                                                                                
*** Binary Search count  = 12                                                                                           
maximum allowable throughput =  3.691650390625 gbps                                                                     
minimum throughput limit     =  3.6875 gbps                                                                             
The target throughput value = 3.6895751953125 gbps                                                                      
*******************************************************************************************                             

Server to Client packet loss beyond tolerance limits. Loss %  = 1.3248718750130946%                                    
As Packet Loss is detected ,  throughput validation will not be performed.                                              
The target throughput of 3.6895751953125 gbps could not be acheived                                                     

Binary search initiated                                                                                                
*** Binary Search count  = 13                                                                                           
maximum allowable throughput =  3.6895751953125 gbps                                                                    
minimum throughput limit     =  3.6875 gbps                                                                             
The target throughput value = 3.68853759765625 gbps                                                                     
*******************************************************************************************                             

Server to Client packet loss beyond tolerance limits. Loss %  = 8.3591584409268%                                       
As Packet Loss is detected ,  throughput validation will not be performed.                                              
The target throughput of 3.68853759765625 gbps could not be acheived                                                    

Binary search initiated                                                                                                
*** Binary Search count  = 14                                                                                           
maximum allowable throughput =  3.68853759765625 gbps                                                                   
minimum throughput limit     =  3.6875 gbps                                                                             
The target throughput value = 3.688018798828125 gbps                                                                    
*******************************************************************************************                             

Server to Client packet loss beyond tolerance limits. Loss %  = 28.725730722315035%                                    
As Packet Loss is detected ,  throughput validation will not be performed.                                              
The target throughput of 3.688018798828125 gbps could not be acheived                                                   

Binary search initiated                                                                                                
*** Binary Search count  = 15                                                                                           
maximum allowable throughput =  3.688018798828125 gbps                                                                  
minimum throughput limit     =  3.6875 gbps                                                                             
The target throughput value = 3.6877593994140625 gbps                                                                   
*******************************************************************************************                             

Server to Client packet loss beyond tolerance limits. Loss %  = 1.1104144014115147%                                    
As Packet Loss is detected ,  throughput validation will not be performed.                                              
The target throughput of 3.6877593994140625 gbps could not be acheived                                                  

Binary search initiated                                                                                                
*** Binary Search count  = 16                                                                                           
maximum allowable throughput =  3.6877593994140625 gbps                                                                 
minimum throughput limit     =  3.6875 gbps                                                                             
The target throughput value = 3.6876296997070312 gbps                                                                   
*******************************************************************************************                             

Server to Client packet loss beyond tolerance limits. Loss %  = 27.26429998643426%                                     
As Packet Loss is detected ,  throughput validation will not be performed.                                              
The target throughput of 3.6876296997070312 gbps could not be acheived                                                  
The maximum limit of Binary search exceeded , aborting now for the frame size                                           
**********  Binary search is terminated as resolution is reached **************************************                 
**********  The list of achieved throughput (gbps) was =[2.625, 3.6875]************************                         
**********  The highest  throughput (gbps) acheived was = 3.6875  ***************************                           
                                                                                                                        
Frame size # 1518 
                                                                                                     
                                                                                                                        
Validating the configured minimum throughput first                                                                      
********************************** Result **********************************************************                    
The throughput of 0.5 gbps was acheived considering the throughput fluctuation tolerance level of 3.0%
                 
****************************************************************************************************                    
Binary search initiated                                                                                                 
** BS = 1 ********                                                                                                      
The minimum throughput value = 0.5 gbps                                                                                 
The maximum throughput value = 9 gbps                                                                                   
The target  throughput value = 4.75 gbps                                                                                
*******************************************************************************************                             

Server to Client packet loss beyond tolerance limits. Loss %  = 35.37007817328323%                                     
As Packet Loss is detected ,  throughput validation will not be performed.                                              

Binary search initiated                                                                                                
*** Binary Search count  = 2                                                                                            
maximum allowable throughput =  4.75 gbps                                                                               
minimum throughput limit     =  0.5 gbps                                                                                
The target throughput value = 2.625 gbps                                                                                
*******************************************************************************************                             
********************************** Result **********************************************************                    
The throughput of 2.625 gbps was acheived considering the throughput fluctuation tolerance level of 3.0%
               
****************************************************************************************************                    
Binary search initiated                                                                                                 
** BS = 3                                                                                                               
The minimum throughput value = 2.625 gbps                                                                               
The maximum throughput value = 4.75 gbps                                                                                
The target  throughput value = 3.6875 gbps                                                                              
*******************************************************************************************                             
********************************** Result **********************************************************                    
The throughput of 3.6875 gbps was acheived considering the throughput fluctuation tolerance level of 3.0%
              
****************************************************************************************************                    
Binary search initiated                                                                                                 
** BS = 4                                                                                                               
The minimum throughput value = 3.6875 gbps                                                                              
The maximum throughput value = 4.75 gbps                                                                                
The target  throughput value = 4.21875 gbps                                                                             
*******************************************************************************************                             

Server to Client packet loss beyond tolerance limits. Loss %  = 27.855253804160977%                                    
As Packet Loss is detected ,  throughput validation will not be performed.                                              
The target throughput of 4.21875 gbps could not be acheived                                                             

Binary search initiated                                                                                                
*** Binary Search count  = 5                                                                                            
maximum allowable throughput =  4.21875 gbps                                                                            
minimum throughput limit     =  3.6875 gbps                                                                             
The target throughput value = 3.953125 gbps                                                                             
*******************************************************************************************                             
********************************** Result **********************************************************                    
The throughput of 3.953125 gbps was acheived considering the throughput fluctuation tolerance level of 3.0%
            
****************************************************************************************************                    
**********  Binary search is terminated as resolution is reached **************************************                 
**********  The list of achieved throughput (gbps) was =[2.625, 3.6875, 3.953125]************************               
**********  The highest  throughput (gbps) acheived was = 3.953125  ***************************                         
The Test has ended . All Trails are completed                                                                           
